2010-01-17 16
2010-01-19 10
2010-01-21 12
2010-01-23 13
2010-01-25 11
2010-01-27 16
2010-01-29 11
2010-01-31 18
2010-02-02 11
2010-02-04 16
2010-02-06 10
2010-02-08 12
2010-02-10 18
2010-02-12 17
2010-02-14 18
2010-02-16 14
2010-02-18 13
2010-02-20 14
2010-02-22 17
2010-02-24 12
2010-02-26 16
2010-02-28 10
2010-03-02 14
2010-03-04 17
2010-03-06 18
2010-03-08 15
2010-03-10 14
2010-03-12 12
2010-03-14 19
2010-03-16 15
2010-03-18 12
2010-03-20 10
2010-03-22 14
2010-03-24 19
2010-03-26 19
2010-03-28 12
2010-03-30 11
2010-04-01 11
2010-04-03 11
2010-04-05 17
2010-04-07 19
2010-04-09 16
2010-04-11 16
2010-04-13 12
2010-04-15 19
2010-04-17 19
2010-04-19 12
2010-04-21 18
2010-04-23 15
2010-04-25 18
2010-04-27 11
2010-04-29 15
2010-05-01 16
2010-05-03 19
2010-05-05 13
2010-05-07 10
2010-05-09 18
2010-05-11 16
2010-05-13 17
2010-05-15 15
2010-05-17 12
2010-05-19 12
2010-05-21 12
2010-05-23 17
2010-05-25 13
2010-05-27 12
2010-05-29 11
2010-05-31 15
2010-06-02 10
2010-06-04 17
2010-06-06 15
2010-06-08 14
2010-06-10 15
2010-06-12 10
2010-06-14 19
2010-06-16 15
2010-06-18 19
2010-06-20 14
2010-06-22 16
2010-06-24 19
2010-06-26 17
2010-06-28 15
2010-06-30 16
2010-07-02 11
2010-07-04 12
2010-07-06 11
2010-07-08 11
2010-07-10 19
2010-07-12 14
2010-07-14 10
2010-07-16 17
2010-07-18 17
2010-07-20 18
2010-07-22 11
2010-07-24 13
2010-07-26 19
2010-07-28 10
2010-07-30 11
2010-08-01 16
2010-08-03 13
2010-08-05 13
2010-08-07 17
2010-08-09 16
2010-08-11 15
2010-08-13 14
2010-08-15 12
2010-08-17 10
2010-08-19 10
2010-08-21 19
2010-08-23 15
2010-08-25 11
2010-08-27 10
2010-08-29 12
2010-08-31 10
2010-09-02 16
2010-09-04 18
2010-09-06 13
2010-09-08 12
2010-09-10 15
2010-09-12 13
2010-09-14 12
2010-09-16 11
2010-09-18 17
2010-09-20 19
2010-09-22 10
2010-09-24 18
2010-09-26 17
2010-09-28 10
2010-09-30 11
2010-10-02 12
2010-10-04 13
2010-10-06 15
2010-10-08 10
2010-10-10 18
2010-10-12 17
2010-10-14 18
2010-10-16 18
2010-10-18 15
2010-10-20 17
2010-10-22 11
2010-10-24 16
2010-10-26 18
2010-10-28 11
2010-10-30 11
2010-11-01 16
2010-11-03 10
2010-11-05 19
2010-11-07 14
2010-11-09 12
2010-11-11 15
2010-11-13 12
2010-11-15 11
2010-11-17 16
2010-11-19 10
2010-11-21 14
2010-11-23 11
2010-11-25 10
2010-11-27 13
2010-11-29 16
2010-12-01 11
2010-12-03 16
2010-12-05 11
2010-12-07 17
2010-12-09 15
2010-12-11 17
2010-12-13 14
2010-12-15 13
2010-12-17 12
2010-12-19 17
2010-12-21 19
2010-12-23 14
2010-12-25 14
2010-12-27 18
2010-12-29 15
2010-12-31 14
2011-01-02 14
2011-01-04 19
2011-01-06 17
2011-01-08 15
2011-01-10 15
2011-01-12 10
2011-01-14 11
2011-01-16 18
2011-01-18 12
2011-01-20 11
2011-01-22 17
2011-01-24 19
2011-01-26 15
2011-01-28 15
2011-01-30 12
2011-02-01 11
2011-02-03 11
2011-02-05 19
2011-02-07 13
2011-02-09 12
2011-02-11 12
2011-02-13 12
2011-02-15 19
2011-02-17 15
2011-02-19 11
2011-02-21 18
2011-02-23 13
2011-02-25 16
2011-02-27 12
2011-03-01 18
2011-03-03 18
2011-03-05 18
2011-03-07 10
2011-03-09 12
2011-03-11 10
2011-03-13 15
2011-03-15 16
2011-03-17 12
2011-03-19 18
2011-03-21 14
2011-03-23 12
2011-03-25 19
2011-03-27 18
2011-03-29 17
2011-03-31 10
2011-04-02 10
2011-04-04 14
2011-04-06 12
2011-04-08 16
2011-04-10 15
2011-04-12 17
2011-04-14 16
2011-04-16 11
2011-04-18 18
2011-04-20 12
2011-04-22 15
2011-04-24 13
2011-04-26 16
2011-04-28 14
2011-04-30 10
2011-05-02 10
2011-05-04 10
2011-05-06 19
2011-05-08 12
2011-05-10 12
2011-05-12 10
2011-05-14 14
2011-05-16 19
2011-05-18 15
2011-05-20 11
2011-05-22 18
2011-05-24 19
2011-05-26 12
2011-05-28 14
2011-05-30 15
2011-06-01 17
2011-06-03 15
2011-06-05 17
2011-06-07 19
2011-06-09 12
2011-06-11 19
2011-06-13 19
2011-06-15 11
2011-06-17 14
2011-06-19 10
2011-06-21 17
2011-06-23 13
2011-06-25 18
2011-06-27 19
2011-06-29 15
2011-07-01 12
2011-07-03 13
2011-07-05 19
2011-07-07 16
2011-07-09 13
2011-07-11 14
2011-07-13 16
2011-07-15 11
2011-07-17 15
2011-07-19 17
2011-07-21 17
2011-07-23 14
2011-07-25 16
2011-07-27 16
2011-07-29 16
2011-07-31 12
2011-08-02 14
2011-08-04 15
2011-08-06 19
2011-08-08 11
2011-08-10 18
2011-08-12 15
2011-08-14 16
2011-08-16 16
2011-08-18 15
2011-08-20 11
2011-08-22 18
2011-08-24 16
2011-08-26 12
2011-08-28 17
2011-08-30 14
2011-09-01 14
2011-09-03 17
2011-09-05 15
2011-09-07 17
2011-09-09 15
2011-09-11 16
2011-09-13 14
2011-09-15 12
2011-09-17 11
2011-09-19 10
2011-09-21 17
2011-09-23 19
2011-09-25 16
2011-09-27 19
2011-09-29 16
2011-10-01 14
2011-10-03 17
2011-10-05 14
2011-10-07 14
2011-10-09 12
2011-10-11 15
2011-10-13 16
2011-10-15 16
2011-10-17 18
2011-10-19 18
2011-10-21 14
2011-10-23 14
2011-10-25 16
2011-10-27 17
2011-10-29 15
2011-10-31 15
2011-11-02 19
2011-11-04 15
2011-11-06 12
2011-11-08 19
2011-11-10 15
2011-11-12 14
2011-11-14 16
2011-11-16 19
2011-11-18 10
2011-11-20 19
2011-11-22 19
2011-11-24 11
2011-11-26 13
2011-11-28 14
2011-11-30 18
2011-12-02 11
2011-12-04 14
2011-12-06 17
2011-12-08 11
2011-12-10 10
2011-12-12 14
2011-12-14 14
2011-12-16 18
2011-12-18 14
2011-12-20 12
2011-12-22 14
2011-12-24 16
2011-12-26 18
2011-12-28 12
2011-12-30 11
2012-01-01 10
2012-01-03 16
2012-01-05 18
2012-01-07 12
2012-01-09 16
2012-01-11 17
2012-01-13 13
2012-01-15 15
2012-01-17 19
2012-01-19 13
2012-01-21 18
2012-01-23 15
2012-01-25 14
2012-01-27 13
2012-01-29 17
2012-01-31 13
2012-02-02 12
2012-02-04 16
2012-02-06 11
2012-02-08 18
2012-02-10 11
2012-02-12 16
2012-02-14 10
2012-02-16 13
2012-02-18 19
2012-02-20 15
2012-02-22 10
2012-02-24 14
2012-02-26 19
2012-02-28 13
2012-03-01 17
2012-03-03 19
2012-03-05 19
2012-03-07 11
2012-03-09 17
2012-03-11 19
2012-03-13 19
2012-03-15 11
2012-03-17 19
2012-03-19 15
2012-03-21 14
2012-03-23 11
2012-03-25 10
2012-03-27 11
2012-03-29 13
2012-03-31 18
2012-04-02 18
2012-04-04 13
2012-04-06 16
2012-04-08 15
2012-04-10 14
2012-04-12 13
2012-04-14 12
2012-04-16 12
2012-04-18 19
2012-04-20 15
2012-04-22 16
2012-04-24 18
2012-04-26 13
2012-04-28 13
2012-04-30 10
2012-05-02 17
2012-05-04 12
2012-05-06 19
2012-05-08 13
2012-05-10 19
2012-05-12 19
2012-05-14 11
2012-05-16 10
2012-05-18 19
2012-05-20 16
2012-05-22 17
2012-05-24 13
2012-05-26 18
2012-05-28 17
2012-05-30 11
2012-06-01 16
2012-06-03 17
2012-06-05 10
2012-06-07 16
2012-06-09 14
2012-06-11 13
2012-06-13 14
2012-06-15 17
2012-06-17 12
2012-06-19 17
2012-06-21 18
2012-06-23 15
2012-06-25 11
2012-06-27 12
2012-06-29 19
2012-07-01 19
2012-07-03 10
2012-07-05 11
2012-07-07 16
2012-07-09 13
2012-07-11 15
2012-07-13 13
2012-07-15 12
2012-07-17 11
2012-07-19 18
2012-07-21 18
2012-07-23 18
2012-07-25 12
2012-07-27 17
2012-07-29 18
2012-07-31 13
2012-08-02 12
2012-08-04 12
2012-08-06 16
2012-08-08 18
2012-08-10 15
2012-08-12 18
2012-08-14 13
2012-08-16 13
2012-08-18 16
2012-08-20 17
2012-08-22 15
2012-08-24 11
2012-08-26 10
2012-08-28 13
2012-08-30 12
2012-09-01 17
2012-09-03 19
2012-09-05 16
2012-09-07 15
2012-09-09 10
2012-09-11 13
2012-09-13 16
2012-09-15 11
2012-09-17 16
2012-09-19 19
2012-09-21 11
2012-09-23 18
2012-09-25 19
2012-09-27 17
2012-09-29 13
2012-10-01 19
2012-10-03 19
2012-10-05 19
2012-10-07 13
2012-10-09 14
2012-10-11 18
2012-10-13 13
2012-10-15 18
2012-10-17 18
2012-10-19 15
2012-10-21 19
2012-10-23 17
2012-10-25 16
2012-10-27 12
2012-10-29 18
2012-10-31 10
2012-11-02 12
2012-11-04 17
2012-11-06 12
2012-11-08 15
2012-11-10 15
2012-11-12 16
2012-11-14 19
2012-11-16 11
2012-11-18 11
2012-11-20 14
2012-11-22 19
2012-11-24 17
2012-11-26 16
2012-11-28 12
2012-11-30 10
2012-12-02 16
2012-12-04 12
2012-12-06 19
2012-12-08 15
2012-12-10 16
2012-12-12 14
2012-12-14 19
2012-12-16 16
2012-12-18 11
2012-12-20 16
2012-12-22 12
2012-12-24 10
2012-12-26 14
2012-12-28 19
2012-12-30 10
2013-01-01 16
2013-01-03 13
2013-01-05 16
2013-01-07 11
2013-01-09 17
2013-01-11 14
2013-01-13 17
2013-01-15 18
2013-01-17 18
2013-01-19 14
2013-01-21 12
2013-01-23 15
2013-01-25 11
2013-01-27 16
2013-01-29 16
2013-01-31 11
2013-02-02 11
2013-02-04 14
2013-02-06 14
2013-02-08 16
2013-02-10 13
2013-02-12 18
2013-02-14 16
2013-02-16 12
2013-02-18 13
2013-02-20 11
2013-02-22 12
2013-02-24 17
2013-02-26 17
2013-02-28 11
2013-03-02 17
2013-03-04 10
2013-03-06 13
2013-03-08 10
2013-03-10 18
2013-03-12 10
2013-03-14 17
2013-03-16 10
2013-03-18 14
2013-03-20 13
2013-03-22 17
2013-03-24 14
2013-03-26 14
2013-03-28 19
2013-03-30 15
2013-04-01 17
2013-04-03 16
2013-04-05 14
2013-04-07 14
2013-04-09 19
2013-04-11 11
2013-04-13 14
2013-04-15 12
2013-04-17 19
2013-04-19 10
2013-04-21 18
2013-04-23 14
2013-04-25 15
2013-04-27 10
2013-04-29 18
2013-05-01 10
2013-05-03 12
2013-05-05 19
2013-05-07 19
2013-05-09 17
2013-05-11 15
2013-05-13 15
2013-05-15 12
2013-05-17 16
2013-05-19 17
2013-05-21 10
2013-05-23 13
2013-05-25 14
2013-05-27 16
2013-05-29 15
2013-05-31 19
2013-06-02 11
2013-06-04 17
2013-06-06 12
2013-06-08 18
2013-06-10 18
2013-06-12 11
2013-06-14 19
2013-06-16 12
2013-06-18 11
2013-06-20 14
2013-06-22 13
2013-06-24 15
2013-06-26 13
2013-06-28 15
2013-06-30 19
2013-07-02 19
2013-07-04 14
2013-07-06 10
2013-07-08 17
2013-07-10 18
2013-07-12 13
2013-07-14 14
2013-07-16 16
2013-07-18 15
2013-07-20 18
2013-07-22 10
2013-07-24 18
2013-07-26 17
2013-07-28 11
2013-07-30 11
2013-08-01 12
2013-08-03 14
2013-08-05 10
2013-08-07 18
2013-08-09 17
2013-08-11 15
2013-08-13 14
2013-08-15 16
2013-08-17 13
2013-08-19 15
2013-08-21 17
2013-08-23 15
2013-08-25 18
2013-08-27 15
2013-08-29 16
2013-08-31 15
2013-09-02 15
2013-09-04 15
2013-09-06 19
2013-09-08 12
2013-09-10 17
2013-09-12 19
2013-09-14 16
2013-09-16 19
2013-09-18 19
2013-09-20 12
2013-09-22 12
2013-09-24 11
2013-09-26 11
2013-09-28 13
2013-09-30 14
2013-10-02 12
2013-10-04 10
2013-10-06 14
2013-10-08 16
2013-10-10 12
2013-10-12 11
2013-10-14 12
2013-10-16 14
2013-10-18 17
2013-10-20 10
2013-10-22 15
2013-10-24 12
2013-10-26 19
2013-10-28 10
2013-10-30 11
2013-11-01 18
2013-11-03 14
2013-11-05 19
2013-11-07 12
2013-11-09 19
2013-11-11 13
2013-11-13 13
2013-11-15 12
2013-11-17 11
2013-11-19 13
2013-11-21 10
2013-11-23 17
2013-11-25 14
2013-11-27 10
2013-11-29 12
2013-12-01 11
2013-12-03 18
2013-12-05 17
2013-12-07 12
2013-12-09 16
2013-12-11 12
2013-12-13 14
2013-12-15 16
2013-12-17 19
2013-12-19 19
2013-12-21 19
2013-12-23 12
2013-12-25 18
2013-12-27 13
2013-12-29 10
2013-12-31 15
2014-01-02 17
2014-01-04 19
2014-01-06 11
2014-01-08 11
2014-01-10 18
2014-01-12 11
2014-01-14 17
2014-01-16 19
2014-01-18 13
2014-01-20 12
2014-01-22 15
2014-01-24 19
2014-01-26 13
2014-01-28 18
2014-01-30 19
2014-02-01 15
2014-02-03 12
2014-02-05 10
2014-02-07 10
2014-02-09 16
2014-02-11 13
2014-02-13 16
2014-02-15 16
2014-02-17 11
2014-02-19 17
2014-02-21 11
2014-02-23 15
2014-02-25 19
2014-02-27 19
2014-03-01 17
2014-03-03 17
2014-03-05 17
2014-03-07 17
2014-03-09 10
2014-03-11 10
2014-03-13 14
2014-03-15 16
2014-03-17 11
2014-03-19 15
2014-03-21 11
2014-03-23 15
2014-03-25 18
2014-03-27 17
2014-03-29 19
2014-03-31 18
2014-04-02 14
2014-04-04 10
2014-04-06 16
2014-04-08 12
2014-04-10 19
2014-04-12 16
2014-04-14 13
2014-04-16 15
2014-04-18 14
2014-04-20 14
2014-04-22 19
2014-04-24 16
2014-04-26 18
2014-04-28 11
2014-04-30 14
2014-05-02 15
2014-05-04 15
2014-05-06 12
2014-05-08 13
2014-05-10 14
2014-05-12 19
2014-05-14 18
2014-05-16 13
2014-05-18 12
2014-05-20 12
2014-05-22 19
2014-05-24 17
2014-05-26 14
2014-05-28 14
2014-05-30 17
2014-06-01 12
2014-06-03 14
2014-06-05 14
2014-06-07 19
2014-06-09 13
2014-06-11 19
2014-06-13 11
2014-06-15 10
2014-06-17 15
2014-06-19 12
2014-06-21 16
2014-06-23 17
2014-06-25 14
2014-06-27 16
2014-06-29 16
2014-07-01 17
2014-07-03 16
2014-07-05 18
2014-07-07 10
2014-07-09 15
2014-07-11 17
2014-07-13 17
2014-07-15 13
2014-07-17 14
2014-07-19 16
2014-07-21 11
2014-07-23 18
2014-07-25 17
2014-07-27 18
2014-07-29 15
2014-07-31 17
2014-08-02 15
2014-08-04 13
2014-08-06 10
2014-08-08 16
2014-08-10 15
2014-08-12 14
2014-08-14 16
2014-08-16 11
2014-08-18 14
2014-08-20 18
2014-08-22 11
2014-08-24 16
2014-08-26 14
2014-08-28 17
2014-08-30 12
2014-09-01 17
2014-09-03 17
2014-09-05 11
2014-09-07 19
2014-09-09 15
2014-09-11 18
2014-09-13 16
2014-09-15 19
2014-09-17 11
2014-09-19 12
2014-09-21 13
2014-09-23 13
2014-09-25 16
2014-09-27 16
2014-09-29 10
2014-10-01 11
2014-10-03 10
2014-10-05 10
2014-10-07 17
2014-10-09 16
2014-10-11 17
2014-10-13 13
2014-10-15 18
2014-10-17 10
2014-10-19 18
2014-10-21 14
2014-10-23 18
2014-10-25 18
2014-10-27 13
2014-10-29 17
2014-10-31 14
2014-11-02 10
2014-11-04 19
2014-11-06 14
2014-11-08 17
2014-11-10 16
2014-11-12 13
2014-11-14 16
2014-11-16 11
2014-11-18 10
2014-11-20 12
2014-11-22 12
2014-11-24 16
2014-11-26 16
2014-11-28 19
2014-11-30 17
2014-12-02 18
2014-12-04 16
2014-12-06 19
2014-12-08 11
2014-12-10 13
2014-12-12 19
2014-12-14 14
2014-12-16 13
2014-12-18 12
2014-12-20 13
2014-12-22 18
2014-12-24 16
2014-12-26 12
2014-12-28 13
2014-12-30 10
2015-01-01 19
2015-01-03 11
2015-01-05 19
2015-01-07 16
2015-01-09 12
2015-01-11 12
2015-01-13 13
2015-01-15 15
