2010-01-17 12
2010-01-18 29
2010-01-19 49
2010-01-20 49
2010-01-21 33
2010-01-22 15
2010-01-23 47
2010-01-24 20
2010-01-25 13
2010-01-26 15
2010-01-27 39
2010-01-28 32
2010-01-29 13
2010-01-30 38
2010-01-31 24
2010-02-01 21
2010-02-02 47
2010-02-03 38
2010-02-04 13
2010-02-05 13
2010-02-06 11
2010-02-07 16
2010-02-08 13
2010-02-09 38
2010-02-10 13
2010-02-11 16
2010-02-12 34
2010-02-13 19
2010-02-14 41
2010-02-15 14
2010-02-16 47
2010-02-17 43
2010-02-18 24
2010-02-19 27
2010-02-20 39
2010-02-21 16
2010-02-22 40
2010-02-23 32
2010-02-24 17
2010-02-25 41
2010-02-26 26
2010-02-27 22
2010-02-28 49
2010-03-01 49
2010-03-02 12
2010-03-03 30
2010-03-04 45
2010-03-05 11
2010-03-06 45
2010-03-07 39
2010-03-08 43
2010-03-09 12
2010-03-10 40
2010-03-11 15
2010-03-12 13
2010-03-13 11
2010-03-14 46
2010-03-15 32
2010-03-16 10
2010-03-17 31
2010-03-18 49
2010-03-19 30
2010-03-20 12
2010-03-21 25
2010-03-22 32
2010-03-23 46
2010-03-24 12
2010-03-25 14
2010-03-26 47
2010-03-27 48
2010-03-28 11
2010-03-29 25
2010-03-30 21
2010-03-31 20
2010-04-01 24
2010-04-02 31
2010-04-03 31
2010-04-04 13
2010-04-05 30
2010-04-06 27
2010-04-07 23
2010-04-08 42
2010-04-09 11
2010-04-10 20
2010-04-11 36
2010-04-12 46
2010-04-13 12
2010-04-14 41
2010-04-15 20
2010-04-16 40
2010-04-17 26
2010-04-18 10
2010-04-19 15
2010-04-20 28
2010-04-21 23
2010-04-22 29
2010-04-23 24
2010-04-24 33
2010-04-25 24
2010-04-26 35
2010-04-27 38
2010-04-28 34
2010-04-29 13
2010-04-30 47
2010-05-01 33
2010-05-02 30
2010-05-03 30
2010-05-04 22
2010-05-05 13
2010-05-06 12
2010-05-07 28
2010-05-08 45
2010-05-09 15
2010-05-10 15
2010-05-11 41
2010-05-12 33
2010-05-13 26
2010-05-14 29
2010-05-15 33
2010-05-16 17
2010-05-17 41
2010-05-18 44
2010-05-19 31
2010-05-20 31
2010-05-21 25
2010-05-22 40
2010-05-23 15
2010-05-24 36
2010-05-25 20
2010-05-26 21
2010-05-27 11
2010-05-28 11
2010-05-29 11
2010-05-30 37
2010-05-31 20
2010-06-01 44
2010-06-02 49
2010-06-03 37
2010-06-04 32
2010-06-05 25
2010-06-06 29
2010-06-07 38
2010-06-08 19
2010-06-09 13
2010-06-10 38
2010-06-11 48
2010-06-12 12
2010-06-13 32
2010-06-14 13
2010-06-15 43
2010-06-16 25
2010-06-17 20
2010-06-18 33
2010-06-19 41
2010-06-20 23
2010-06-21 43
2010-06-22 10
2010-06-23 40
2010-06-24 26
2010-06-25 24
2010-06-26 34
2010-06-27 42
2010-06-28 20
2010-06-29 21
2010-06-30 12
2010-07-01 37
2010-07-02 42
2010-07-03 29
2010-07-04 28
2010-07-05 49
2010-07-06 43
2010-07-07 38
2010-07-08 13
2010-07-09 15
2010-07-10 49
2010-07-11 31
2010-07-12 33
2010-07-13 20
2010-07-14 39
2010-07-15 28
2010-07-16 26
2010-07-17 46
2010-07-18 26
2010-07-19 46
2010-07-20 46
2010-07-21 34
2010-07-22 17
2010-07-23 36
2010-07-24 19
2010-07-25 42
2010-07-26 41
2010-07-27 24
2010-07-28 20
2010-07-29 12
2010-07-30 43
2010-07-31 48
2010-08-01 42
2010-08-02 32
2010-08-03 18
2010-08-04 18
2010-08-05 40
2010-08-06 47
2010-08-07 25
2010-08-08 22
2010-08-09 48
2010-08-10 28
2010-08-11 10
2010-08-12 26
2010-08-13 41
2010-08-14 25
2010-08-15 33
2010-08-16 48
2010-08-17 35
2010-08-18 15
2010-08-19 47
2010-08-20 16
2010-08-21 42
2010-08-22 31
2010-08-23 18
2010-08-24 18
2010-08-25 47
2010-08-26 22
2010-08-27 34
2010-08-28 26
2010-08-29 41
2010-08-30 25
2010-08-31 44
2010-09-01 34
2010-09-02 42
2010-09-03 45
2010-09-04 20
2010-09-05 39
2010-09-06 17
2010-09-07 10
2010-09-08 23
2010-09-09 34
2010-09-10 29
2010-09-11 15
2010-09-12 46
2010-09-13 30
2010-09-14 47
2010-09-15 29
2010-09-16 14
2010-09-17 35
2010-09-18 27
2010-09-19 20
2010-09-20 11
2010-09-21 17
2010-09-22 27
2010-09-23 41
2010-09-24 33
2010-09-25 49
2010-09-26 37
2010-09-27 11
2010-09-28 48
2010-09-29 26
2010-09-30 27
2010-10-01 28
2010-10-02 35
2010-10-03 31
2010-10-04 26
2010-10-05 27
2010-10-06 14
2010-10-07 42
2010-10-08 43
2010-10-09 28
2010-10-10 12
2010-10-11 44
2010-10-12 25
2010-10-13 47
2010-10-14 30
2010-10-15 11
2010-10-16 47
2010-10-17 47
2010-10-18 47
2010-10-19 23
2010-10-20 10
2010-10-21 38
2010-10-22 15
2010-10-23 21
2010-10-24 36
2010-10-25 14
2010-10-26 14
2010-10-27 10
2010-10-28 26
2010-10-29 13
2010-10-30 43
2010-10-31 45
2010-11-01 48
2010-11-02 15
2010-11-03 26
2010-11-04 28
2010-11-05 13
2010-11-06 46
2010-11-07 32
2010-11-08 36
2010-11-09 40
2010-11-10 27
2010-11-11 38
2010-11-12 41
2010-11-13 26
2010-11-14 40
2010-11-15 17
2010-11-16 14
2010-11-17 37
2010-11-18 37
2010-11-19 14
2010-11-20 12
2010-11-21 33
2010-11-22 40
2010-11-23 49
2010-11-24 21
2010-11-25 15
2010-11-26 12
2010-11-27 41
2010-11-28 31
2010-11-29 39
2010-11-30 19
2010-12-01 26
2010-12-02 41
2010-12-03 34
2010-12-04 11
2010-12-05 13
2010-12-06 35
2010-12-07 20
2010-12-08 34
2010-12-09 37
2010-12-10 47
2010-12-11 31
2010-12-12 32
2010-12-13 49
2010-12-14 47
2010-12-15 38
2010-12-16 18
2010-12-17 45
2010-12-18 19
2010-12-19 15
2010-12-20 39
2010-12-21 27
2010-12-22 10
2010-12-23 32
2010-12-24 15
2010-12-25 34
2010-12-26 42
2010-12-27 30
2010-12-28 38
2010-12-29 37
2010-12-30 48
2010-12-31 47
2011-01-01 33
2011-01-02 25
2011-01-03 29
2011-01-04 36
2011-01-05 27
2011-01-06 43
2011-01-07 32
2011-01-08 49
2011-01-09 23
2011-01-10 33
2011-01-11 12
2011-01-12 45
2011-01-13 18
2011-01-14 12
2011-01-15 42
2011-01-16 34
2011-01-17 14
2011-01-18 42
2011-01-19 32
2011-01-20 22
2011-01-21 37
2011-01-22 37
2011-01-23 15
2011-01-24 40
2011-01-25 35
2011-01-26 25
2011-01-27 23
2011-01-28 46
2011-01-29 24
2011-01-30 43
2011-01-31 47
2011-02-01 15
2011-02-02 21
2011-02-03 37
2011-02-04 39
2011-02-05 19
2011-02-06 17
2011-02-07 27
2011-02-08 33
2011-02-09 25
2011-02-10 40
2011-02-11 29
2011-02-12 11
2011-02-13 39
2011-02-14 26
2011-02-15 14
2011-02-16 25
2011-02-17 36
2011-02-18 31
2011-02-19 49
2011-02-20 21
2011-02-21 12
2011-02-22 14
2011-02-23 30
2011-02-24 42
2011-02-25 26
2011-02-26 38
2011-02-27 44
2011-02-28 13
2011-03-01 45
2011-03-02 16
2011-03-03 29
2011-03-04 23
2011-03-05 32
2011-03-06 45
2011-03-07 47
2011-03-08 47
2011-03-09 26
2011-03-10 40
2011-03-11 19
2011-03-12 18
2011-03-13 49
2011-03-14 26
2011-03-15 11
2011-03-16 28
2011-03-17 30
2011-03-18 30
2011-03-19 17
2011-03-20 17
2011-03-21 40
2011-03-22 39
2011-03-23 48
2011-03-24 46
2011-03-25 10
2011-03-26 24
2011-03-27 13
2011-03-28 47
2011-03-29 33
2011-03-30 42
2011-03-31 17
2011-04-01 25
2011-04-02 20
2011-04-03 33
2011-04-04 46
2011-04-05 23
2011-04-06 24
2011-04-07 28
2011-04-08 30
2011-04-09 48
2011-04-10 42
2011-04-11 15
2011-04-12 40
2011-04-13 32
2011-04-14 19
2011-04-15 35
2011-04-16 36
2011-04-17 38
2011-04-18 14
2011-04-19 42
2011-04-20 39
2011-04-21 37
2011-04-22 25
2011-04-23 18
2011-04-24 35
2011-04-25 10
2011-04-26 21
2011-04-27 27
2011-04-28 49
2011-04-29 29
2011-04-30 35
2011-05-01 38
2011-05-02 18
2011-05-03 23
2011-05-04 29
2011-05-05 20
2011-05-06 30
2011-05-07 40
2011-05-08 38
2011-05-09 29
2011-05-10 20
2011-05-11 31
2011-05-12 30
2011-05-13 10
2011-05-14 26
2011-05-15 16
2011-05-16 22
2011-05-17 19
2011-05-18 18
2011-05-19 24
2011-05-20 32
2011-05-21 20
2011-05-22 48
2011-05-23 49
2011-05-24 15
2011-05-25 18
2011-05-26 17
2011-05-27 22
2011-05-28 49
2011-05-29 10
2011-05-30 48
2011-05-31 49
2011-06-01 27
2011-06-02 12
2011-06-03 40
2011-06-04 47
2011-06-05 29
2011-06-06 39
2011-06-07 24
2011-06-08 33
2011-06-09 13
2011-06-10 37
2011-06-11 23
2011-06-12 35
2011-06-13 28
2011-06-14 14
2011-06-15 16
2011-06-16 26
2011-06-17 26
2011-06-18 34
2011-06-19 31
2011-06-20 15
2011-06-21 34
2011-06-22 37
2011-06-23 30
2011-06-24 17
2011-06-25 47
2011-06-26 11
2011-06-27 39
2011-06-28 44
2011-06-29 49
2011-06-30 31
2011-07-01 37
2011-07-02 18
2011-07-03 42
2011-07-04 39
2011-07-05 22
2011-07-06 36
2011-07-07 26
2011-07-08 22
2011-07-09 37
2011-07-10 15
2011-07-11 12
2011-07-12 20
2011-07-13 49
2011-07-14 15
2011-07-15 39
2011-07-16 20
2011-07-17 18
2011-07-18 28
2011-07-19 44
2011-07-20 14
2011-07-21 26
2011-07-22 38
2011-07-23 49
2011-07-24 19
2011-07-25 10
2011-07-26 39
2011-07-27 47
2011-07-28 22
2011-07-29 16
2011-07-30 45
2011-07-31 14
2011-08-01 25
2011-08-02 45
2011-08-03 18
2011-08-04 12
2011-08-05 10
2011-08-06 35
2011-08-07 17
2011-08-08 15
2011-08-09 26
2011-08-10 48
2011-08-11 41
2011-08-12 34
2011-08-13 29
2011-08-14 21
2011-08-15 15
2011-08-16 26
2011-08-17 17
2011-08-18 31
2011-08-19 34
2011-08-20 37
2011-08-21 35
2011-08-22 27
2011-08-23 21
2011-08-24 48
2011-08-25 19
2011-08-26 43
2011-08-27 34
2011-08-28 33
2011-08-29 19
2011-08-30 48
2011-08-31 48
2011-09-01 19
2011-09-02 44
2011-09-03 19
2011-09-04 26
2011-09-05 48
2011-09-06 29
2011-09-07 20
2011-09-08 33
2011-09-09 19
2011-09-10 32
2011-09-11 17
2011-09-12 47
2011-09-13 42
2011-09-14 37
2011-09-15 25
2011-09-16 15
2011-09-17 14
2011-09-18 40
2011-09-19 26
2011-09-20 45
2011-09-21 44
2011-09-22 44
2011-09-23 14
2011-09-24 41
2011-09-25 30
2011-09-26 41
2011-09-27 22
2011-09-28 23
2011-09-29 27
2011-09-30 41
2011-10-01 27
2011-10-02 45
2011-10-03 21
2011-10-04 17
2011-10-05 27
2011-10-06 48
2011-10-07 24
2011-10-08 26
2011-10-09 12
2011-10-10 44
2011-10-11 47
2011-10-12 49
2011-10-13 45
2011-10-14 49
2011-10-15 12
2011-10-16 33
2011-10-17 27
2011-10-18 45
2011-10-19 14
2011-10-20 42
2011-10-21 34
2011-10-22 46
2011-10-23 43
2011-10-24 46
2011-10-25 34
2011-10-26 15
2011-10-27 10
2011-10-28 33
2011-10-29 23
2011-10-30 13
2011-10-31 22
2011-11-01 40
2011-11-02 26
2011-11-03 42
2011-11-04 15
2011-11-05 11
2011-11-06 49
2011-11-07 35
2011-11-08 42
2011-11-09 40
2011-11-10 42
2011-11-11 32
2011-11-12 42
2011-11-13 38
2011-11-14 32
2011-11-15 17
2011-11-16 16
2011-11-17 42
2011-11-18 43
2011-11-19 35
2011-11-20 32
2011-11-21 17
2011-11-22 40
2011-11-23 14
2011-11-24 48
2011-11-25 22
2011-11-26 22
2011-11-27 21
2011-11-28 41
2011-11-29 39
2011-11-30 36
2011-12-01 36
2011-12-02 36
2011-12-03 14
2011-12-04 44
2011-12-05 28
2011-12-06 31
2011-12-07 20
2011-12-08 17
2011-12-09 46
2011-12-10 44
2011-12-11 26
2011-12-12 40
2011-12-13 44
2011-12-14 44
2011-12-15 37
2011-12-16 29
2011-12-17 48
2011-12-18 36
2011-12-19 11
2011-12-20 44
2011-12-21 10
2011-12-22 32
2011-12-23 16
2011-12-24 35
2011-12-25 42
2011-12-26 23
2011-12-27 12
2011-12-28 21
2011-12-29 49
2011-12-30 39
2011-12-31 23
2012-01-01 49
2012-01-02 14
2012-01-03 14
2012-01-04 41
2012-01-05 14
2012-01-06 28
2012-01-07 20
2012-01-08 39
2012-01-09 16
2012-01-10 21
2012-01-11 19
2012-01-12 27
2012-01-13 47
2012-01-14 10
2012-01-15 48
2012-01-16 25
2012-01-17 19
2012-01-18 20
2012-01-19 17
2012-01-20 31
2012-01-21 25
2012-01-22 43
2012-01-23 19
2012-01-24 31
2012-01-25 21
2012-01-26 49
2012-01-27 39
2012-01-28 21
2012-01-29 32
2012-01-30 14
2012-01-31 43
2012-02-01 12
2012-02-02 30
2012-02-03 20
2012-02-04 46
2012-02-05 10
2012-02-06 49
2012-02-07 36
2012-02-08 12
2012-02-09 32
2012-02-10 19
2012-02-11 41
2012-02-12 21
2012-02-13 17
2012-02-14 37
2012-02-15 18
2012-02-16 41
2012-02-17 24
2012-02-18 48
2012-02-19 38
2012-02-20 32
2012-02-21 40
2012-02-22 23
2012-02-23 24
2012-02-24 35
2012-02-25 38
2012-02-26 24
2012-02-27 48
2012-02-28 39
2012-02-29 19
2012-03-01 32
2012-03-02 20
2012-03-03 40
2012-03-04 39
2012-03-05 47
2012-03-06 11
2012-03-07 34
2012-03-08 25
2012-03-09 29
2012-03-10 45
2012-03-11 40
2012-03-12 27
2012-03-13 24
2012-03-14 19
2012-03-15 28
2012-03-16 39
2012-03-17 34
2012-03-18 26
2012-03-19 44
2012-03-20 17
2012-03-21 31
2012-03-22 40
2012-03-23 30
2012-03-24 29
2012-03-25 14
2012-03-26 33
2012-03-27 11
2012-03-28 19
2012-03-29 11
2012-03-30 26
2012-03-31 48
2012-04-01 36
2012-04-02 40
2012-04-03 14
2012-04-04 39
2012-04-05 23
2012-04-06 40
2012-04-07 33
2012-04-08 45
2012-04-09 46
2012-04-10 19
2012-04-11 21
2012-04-12 32
2012-04-13 40
2012-04-14 28
2012-04-15 24
2012-04-16 38
2012-04-17 30
2012-04-18 21
2012-04-19 36
2012-04-20 31
2012-04-21 30
2012-04-22 25
2012-04-23 21
2012-04-24 38
2012-04-25 34
2012-04-26 31
2012-04-27 46
2012-04-28 34
2012-04-29 15
2012-04-30 45
2012-05-01 32
2012-05-02 11
2012-05-03 49
2012-05-04 41
2012-05-05 36
2012-05-06 42
2012-05-07 40
2012-05-08 31
2012-05-09 35
2012-05-10 13
2012-05-11 35
2012-05-12 48
2012-05-13 12
2012-05-14 45
2012-05-15 33
2012-05-16 26
2012-05-17 45
2012-05-18 25
2012-05-19 46
2012-05-20 17
2012-05-21 29
2012-05-22 43
2012-05-23 11
2012-05-24 48
2012-05-25 11
2012-05-26 41
2012-05-27 17
2012-05-28 11
2012-05-29 32
2012-05-30 46
2012-05-31 38
2012-06-01 16
2012-06-02 14
2012-06-03 38
2012-06-04 26
2012-06-05 41
2012-06-06 31
2012-06-07 35
2012-06-08 31
2012-06-09 18
2012-06-10 39
2012-06-11 41
2012-06-12 47
2012-06-13 46
2012-06-14 19
2012-06-15 23
2012-06-16 29
2012-06-17 15
2012-06-18 49
2012-06-19 14
2012-06-20 44
2012-06-21 20
2012-06-22 16
2012-06-23 32
2012-06-24 40
2012-06-25 20
2012-06-26 29
2012-06-27 44
2012-06-28 31
2012-06-29 35
2012-06-30 22
2012-07-01 38
2012-07-02 23
2012-07-03 26
2012-07-04 16
2012-07-05 26
2012-07-06 46
2012-07-07 42
2012-07-08 49
2012-07-09 39
2012-07-10 36
2012-07-11 25
2012-07-12 36
2012-07-13 42
2012-07-14 41
2012-07-15 16
2012-07-16 23
2012-07-17 36
2012-07-18 39
2012-07-19 44
2012-07-20 20
2012-07-21 44
2012-07-22 30
2012-07-23 15
2012-07-24 26
2012-07-25 37
2012-07-26 22
2012-07-27 39
2012-07-28 47
2012-07-29 23
2012-07-30 34
2012-07-31 13
2012-08-01 19
2012-08-02 20
2012-08-03 38
2012-08-04 25
2012-08-05 31
2012-08-06 48
2012-08-07 34
2012-08-08 31
2012-08-09 34
2012-08-10 29
2012-08-11 29
2012-08-12 41
2012-08-13 11
2012-08-14 30
2012-08-15 12
2012-08-16 18
2012-08-17 37
2012-08-18 15
2012-08-19 45
2012-08-20 45
2012-08-21 31
2012-08-22 10
2012-08-23 30
2012-08-24 27
2012-08-25 36
2012-08-26 41
2012-08-27 39
2012-08-28 42
2012-08-29 30
2012-08-30 49
2012-08-31 20
2012-09-01 45
2012-09-02 10
2012-09-03 42
2012-09-04 41
2012-09-05 34
2012-09-06 42
2012-09-07 32
2012-09-08 33
2012-09-09 21
2012-09-10 22
2012-09-11 49
2012-09-12 32
2012-09-13 13
2012-09-14 46
2012-09-15 49
2012-09-16 35
2012-09-17 36
2012-09-18 25
2012-09-19 10
2012-09-20 46
2012-09-21 35
2012-09-22 46
2012-09-23 20
2012-09-24 26
2012-09-25 16
2012-09-26 28
2012-09-27 27
2012-09-28 27
2012-09-29 25
2012-09-30 37
2012-10-01 26
2012-10-02 36
2012-10-03 36
2012-10-04 41
2012-10-05 42
2012-10-06 42
2012-10-07 26
2012-10-08 38
2012-10-09 11
2012-10-10 38
2012-10-11 17
2012-10-12 21
2012-10-13 35
2012-10-14 17
2012-10-15 31
2012-10-16 46
2012-10-17 48
2012-10-18 43
2012-10-19 48
2012-10-20 41
2012-10-21 43
2012-10-22 20
2012-10-23 34
2012-10-24 46
2012-10-25 29
2012-10-26 37
2012-10-27 48
2012-10-28 32
2012-10-29 38
2012-10-30 46
2012-10-31 29
2012-11-01 23
2012-11-02 30
2012-11-03 14
2012-11-04 35
2012-11-05 39
2012-11-06 22
2012-11-07 48
2012-11-08 47
2012-11-09 37
2012-11-10 43
2012-11-11 22
2012-11-12 36
2012-11-13 16
2012-11-14 29
2012-11-15 21
2012-11-16 16
2012-11-17 42
2012-11-18 35
2012-11-19 49
2012-11-20 47
2012-11-21 22
2012-11-22 49
2012-11-23 42
2012-11-24 37
2012-11-25 26
2012-11-26 23
2012-11-27 24
2012-11-28 39
2012-11-29 40
2012-11-30 28
2012-12-01 10
2012-12-02 10
2012-12-03 43
2012-12-04 17
2012-12-05 34
2012-12-06 46
2012-12-07 27
2012-12-08 11
2012-12-09 33
2012-12-10 49
2012-12-11 43
2012-12-12 11
2012-12-13 38
2012-12-14 10
2012-12-15 21
2012-12-16 33
2012-12-17 42
2012-12-18 46
2012-12-19 37
2012-12-20 34
2012-12-21 13
2012-12-22 33
2012-12-23 42
2012-12-24 13
2012-12-25 46
2012-12-26 43
2012-12-27 18
2012-12-28 47
2012-12-29 43
2012-12-30 45
2012-12-31 31
2013-01-01 29
2013-01-02 27
2013-01-03 40
2013-01-04 34
2013-01-05 17
2013-01-06 35
2013-01-07 27
2013-01-08 12
2013-01-09 12
2013-01-10 25
2013-01-11 15
2013-01-12 42
2013-01-13 37
2013-01-14 20
2013-01-15 13
2013-01-16 15
2013-01-17 45
2013-01-18 40
2013-01-19 24
2013-01-20 12
2013-01-21 24
2013-01-22 24
2013-01-23 22
2013-01-24 24
2013-01-25 37
2013-01-26 44
2013-01-27 31
2013-01-28 37
2013-01-29 18
2013-01-30 22
2013-01-31 27
2013-02-01 24
2013-02-02 10
2013-02-03 24
2013-02-04 30
2013-02-05 35
2013-02-06 37
2013-02-07 48
2013-02-08 26
2013-02-09 38
2013-02-10 31
2013-02-11 42
2013-02-12 29
2013-02-13 39
2013-02-14 47
2013-02-15 21
2013-02-16 34
2013-02-17 44
2013-02-18 28
2013-02-19 48
2013-02-20 37
2013-02-21 16
2013-02-22 15
2013-02-23 30
2013-02-24 42
2013-02-25 26
2013-02-26 30
2013-02-27 44
2013-02-28 45
2013-03-01 40
2013-03-02 41
2013-03-03 43
2013-03-04 47
2013-03-05 39
2013-03-06 18
2013-03-07 16
2013-03-08 43
2013-03-09 15
2013-03-10 35
2013-03-11 17
2013-03-12 42
2013-03-13 29
2013-03-14 23
2013-03-15 28
2013-03-16 36
2013-03-17 40
2013-03-18 46
2013-03-19 41
2013-03-20 41
2013-03-21 37
2013-03-22 28
2013-03-23 36
2013-03-24 23
2013-03-25 46
2013-03-26 21
2013-03-27 12
2013-03-28 14
2013-03-29 21
2013-03-30 23
2013-03-31 20
2013-04-01 30
2013-04-02 16
2013-04-03 14
2013-04-04 32
2013-04-05 17
2013-04-06 24
2013-04-07 48
2013-04-08 45
2013-04-09 49
2013-04-10 39
2013-04-11 31
2013-04-12 38
2013-04-13 39
2013-04-14 49
2013-04-15 42
2013-04-16 23
2013-04-17 17
2013-04-18 11
2013-04-19 26
2013-04-20 32
2013-04-21 33
2013-04-22 37
2013-04-23 35
2013-04-24 24
2013-04-25 36
2013-04-26 28
2013-04-27 19
2013-04-28 37
2013-04-29 26
2013-04-30 33
2013-05-01 38
2013-05-02 44
2013-05-03 38
2013-05-04 36
2013-05-05 45
2013-05-06 42
2013-05-07 30
2013-05-08 41
2013-05-09 40
2013-05-10 10
2013-05-11 14
2013-05-12 37
2013-05-13 30
2013-05-14 16
2013-05-15 21
2013-05-16 30
2013-05-17 44
2013-05-18 47
2013-05-19 16
2013-05-20 49
2013-05-21 22
2013-05-22 11
2013-05-23 43
2013-05-24 15
2013-05-25 22
2013-05-26 23
2013-05-27 11
2013-05-28 11
2013-05-29 43
2013-05-30 23
2013-05-31 48
2013-06-01 22
2013-06-02 48
2013-06-03 26
2013-06-04 21
2013-06-05 23
2013-06-06 24
2013-06-07 36
2013-06-08 10
2013-06-09 36
2013-06-10 30
2013-06-11 39
2013-06-12 10
2013-06-13 47
2013-06-14 42
2013-06-15 25
2013-06-16 13
2013-06-17 33
2013-06-18 41
2013-06-19 31
2013-06-20 38
2013-06-21 43
2013-06-22 22
2013-06-23 10
2013-06-24 42
2013-06-25 40
2013-06-26 43
2013-06-27 34
2013-06-28 37
2013-06-29 37
2013-06-30 13
2013-07-01 33
2013-07-02 20
2013-07-03 25
2013-07-04 24
2013-07-05 48
2013-07-06 45
2013-07-07 13
2013-07-08 26
2013-07-09 14
2013-07-10 47
2013-07-11 44
2013-07-12 28
2013-07-13 32
2013-07-14 44
2013-07-15 19
2013-07-16 45
2013-07-17 37
2013-07-18 23
2013-07-19 22
2013-07-20 20
2013-07-21 33
2013-07-22 31
2013-07-23 39
2013-07-24 18
2013-07-25 24
2013-07-26 19
2013-07-27 12
2013-07-28 19
2013-07-29 19
2013-07-30 24
2013-07-31 14
2013-08-01 32
2013-08-02 20
2013-08-03 20
2013-08-04 41
2013-08-05 16
2013-08-06 17
2013-08-07 30
2013-08-08 26
2013-08-09 34
2013-08-10 47
2013-08-11 38
2013-08-12 35
2013-08-13 47
2013-08-14 24
2013-08-15 36
2013-08-16 32
2013-08-17 46
2013-08-18 20
2013-08-19 22
2013-08-20 32
2013-08-21 32
2013-08-22 13
2013-08-23 36
2013-08-24 36
2013-08-25 47
2013-08-26 18
2013-08-27 16
2013-08-28 37
2013-08-29 18
2013-08-30 27
2013-08-31 37
2013-09-01 36
2013-09-02 45
2013-09-03 26
2013-09-04 46
2013-09-05 46
2013-09-06 41
2013-09-07 15
2013-09-08 24
2013-09-09 21
2013-09-10 25
2013-09-11 21
2013-09-12 11
2013-09-13 21
2013-09-14 29
2013-09-15 10
2013-09-16 32
2013-09-17 38
2013-09-18 33
2013-09-19 24
2013-09-20 30
2013-09-21 30
2013-09-22 29
2013-09-23 33
2013-09-24 21
2013-09-25 23
2013-09-26 34
2013-09-27 10
2013-09-28 43
2013-09-29 41
2013-09-30 22
2013-10-01 26
2013-10-02 14
2013-10-03 44
2013-10-04 28
2013-10-05 30
2013-10-06 39
2013-10-07 36
2013-10-08 47
2013-10-09 17
2013-10-10 11
2013-10-11 38
2013-10-12 11
2013-10-13 42
2013-10-14 26
2013-10-15 32
2013-10-16 12
2013-10-17 27
2013-10-18 19
2013-10-19 24
2013-10-20 38
2013-10-21 24
2013-10-22 22
2013-10-23 25
2013-10-24 26
2013-10-25 44
2013-10-26 37
2013-10-27 16
2013-10-28 44
2013-10-29 35
2013-10-30 32
2013-10-31 28
2013-11-01 36
2013-11-02 28
2013-11-03 29
2013-11-04 30
2013-11-05 35
2013-11-06 16
2013-11-07 14
2013-11-08 46
2013-11-09 39
2013-11-10 38
2013-11-11 28
2013-11-12 49
2013-11-13 28
2013-11-14 38
2013-11-15 10
2013-11-16 21
2013-11-17 42
2013-11-18 27
2013-11-19 22
2013-11-20 10
2013-11-21 13
2013-11-22 38
2013-11-23 25
2013-11-24 19
2013-11-25 46
2013-11-26 20
2013-11-27 38
2013-11-28 19
2013-11-29 20
2013-11-30 17
2013-12-01 27
2013-12-02 34
2013-12-03 41
2013-12-04 30
2013-12-05 24
2013-12-06 27
2013-12-07 10
2013-12-08 34
2013-12-09 44
2013-12-10 40
2013-12-11 31
2013-12-12 26
2013-12-13 44
2013-12-14 34
2013-12-15 34
2013-12-16 28
2013-12-17 38
2013-12-18 35
2013-12-19 23
2013-12-20 37
2013-12-21 13
2013-12-22 33
2013-12-23 31
2013-12-24 33
2013-12-25 29
2013-12-26 13
2013-12-27 13
2013-12-28 18
2013-12-29 47
2013-12-30 17
2013-12-31 42
2014-01-01 49
2014-01-02 21
2014-01-03 23
2014-01-04 26
2014-01-05 12
2014-01-06 47
2014-01-07 34
2014-01-08 47
2014-01-09 34
2014-01-10 34
2014-01-11 42
2014-01-12 17
2014-01-13 35
2014-01-14 37
2014-01-15 37
2014-01-16 48
2014-01-17 28
2014-01-18 25
2014-01-19 29
2014-01-20 37
2014-01-21 17
2014-01-22 38
2014-01-23 20
2014-01-24 20
2014-01-25 15
2014-01-26 20
2014-01-27 17
2014-01-28 10
2014-01-29 31
2014-01-30 49
2014-01-31 44
2014-02-01 35
2014-02-02 45
2014-02-03 32
2014-02-04 31
2014-02-05 34
2014-02-06 16
2014-02-07 49
2014-02-08 23
2014-02-09 23
2014-02-10 12
2014-02-11 23
2014-02-12 18
2014-02-13 47
2014-02-14 49
2014-02-15 33
2014-02-16 27
2014-02-17 31
2014-02-18 29
2014-02-19 30
2014-02-20 10
2014-02-21 35
2014-02-22 48
2014-02-23 30
2014-02-24 47
2014-02-25 21
2014-02-26 36
2014-02-27 25
2014-02-28 48
2014-03-01 28
2014-03-02 27
2014-03-03 44
2014-03-04 28
2014-03-05 23
2014-03-06 45
2014-03-07 14
2014-03-08 27
2014-03-09 46
2014-03-10 49
2014-03-11 43
2014-03-12 38
2014-03-13 12
2014-03-14 39
2014-03-15 26
2014-03-16 10
2014-03-17 40
2014-03-18 46
2014-03-19 10
2014-03-20 18
2014-03-21 31
2014-03-22 24
2014-03-23 49
2014-03-24 10
2014-03-25 40
2014-03-26 40
2014-03-27 12
2014-03-28 47
2014-03-29 11
2014-03-30 23
2014-03-31 27
2014-04-01 35
2014-04-02 33
2014-04-03 33
2014-04-04 49
2014-04-05 37
2014-04-06 46
2014-04-07 27
2014-04-08 23
2014-04-09 18
2014-04-10 32
2014-04-11 36
2014-04-12 32
2014-04-13 28
2014-04-14 44
2014-04-15 28
2014-04-16 31
2014-04-17 34
2014-04-18 16
2014-04-19 15
2014-04-20 21
2014-04-21 30
2014-04-22 20
2014-04-23 47
2014-04-24 26
2014-04-25 24
2014-04-26 42
2014-04-27 48
2014-04-28 24
2014-04-29 17
2014-04-30 32
2014-05-01 29
2014-05-02 26
2014-05-03 29
2014-05-04 39
2014-05-05 32
2014-05-06 29
2014-05-07 10
2014-05-08 39
2014-05-09 37
2014-05-10 46
2014-05-11 22
2014-05-12 17
2014-05-13 42
2014-05-14 16
2014-05-15 32
2014-05-16 28
2014-05-17 10
2014-05-18 33
2014-05-19 23
2014-05-20 17
2014-05-21 10
2014-05-22 17
2014-05-23 14
2014-05-24 48
2014-05-25 24
2014-05-26 20
2014-05-27 38
2014-05-28 14
2014-05-29 16
2014-05-30 44
2014-05-31 33
2014-06-01 39
2014-06-02 49
2014-06-03 49
2014-06-04 23
2014-06-05 48
2014-06-06 30
2014-06-07 39
2014-06-08 46
2014-06-09 22
2014-06-10 37
2014-06-11 11
2014-06-12 39
2014-06-13 42
2014-06-14 34
2014-06-15 25
2014-06-16 20
2014-06-17 21
2014-06-18 21
2014-06-19 24
2014-06-20 20
2014-06-21 43
2014-06-22 35
2014-06-23 40
2014-06-24 49
2014-06-25 44
2014-06-26 32
2014-06-27 47
2014-06-28 38
2014-06-29 14
2014-06-30 43
2014-07-01 10
2014-07-02 16
2014-07-03 39
2014-07-04 43
2014-07-05 38
2014-07-06 35
2014-07-07 32
2014-07-08 38
2014-07-09 22
2014-07-10 17
2014-07-11 45
2014-07-12 23
2014-07-13 37
2014-07-14 36
2014-07-15 46
2014-07-16 30
2014-07-17 31
2014-07-18 40
2014-07-19 27
2014-07-20 12
2014-07-21 14
2014-07-22 43
2014-07-23 33
2014-07-24 17
2014-07-25 31
2014-07-26 11
2014-07-27 45
2014-07-28 16
2014-07-29 32
2014-07-30 17
2014-07-31 19
2014-08-01 22
2014-08-02 15
2014-08-03 49
2014-08-04 28
2014-08-05 37
2014-08-06 40
2014-08-07 23
2014-08-08 49
2014-08-09 41
2014-08-10 44
2014-08-11 11
2014-08-12 31
2014-08-13 20
2014-08-14 21
2014-08-15 26
2014-08-16 19
2014-08-17 31
2014-08-18 41
2014-08-19 16
2014-08-20 13
2014-08-21 22
2014-08-22 36
2014-08-23 47
2014-08-24 25
2014-08-25 31
2014-08-26 17
2014-08-27 34
2014-08-28 16
2014-08-29 14
2014-08-30 22
2014-08-31 40
2014-09-01 17
2014-09-02 23
2014-09-03 46
2014-09-04 27
2014-09-05 27
2014-09-06 36
2014-09-07 30
2014-09-08 14
2014-09-09 34
2014-09-10 39
2014-09-11 38
2014-09-12 33
2014-09-13 25
2014-09-14 40
2014-09-15 29
2014-09-16 25
2014-09-17 27
2014-09-18 16
2014-09-19 19
2014-09-20 41
2014-09-21 43
2014-09-22 12
2014-09-23 28
2014-09-24 23
2014-09-25 24
2014-09-26 49
2014-09-27 38
2014-09-28 46
2014-09-29 47
2014-09-30 10
2014-10-01 47
2014-10-02 29
2014-10-03 32
2014-10-04 17
2014-10-05 20
2014-10-06 25
2014-10-07 13
2014-10-08 11
2014-10-09 33
2014-10-10 48
2014-10-11 14
2014-10-12 47
2014-10-13 13
2014-10-14 42
2014-10-15 31
2014-10-16 15
2014-10-17 20
2014-10-18 27
2014-10-19 18
2014-10-20 46
2014-10-21 24
2014-10-22 37
2014-10-23 12
2014-10-24 42
2014-10-25 39
2014-10-26 22
2014-10-27 40
2014-10-28 19
2014-10-29 11
2014-10-30 18
2014-10-31 12
2014-11-01 33
2014-11-02 18
2014-11-03 38
2014-11-04 24
2014-11-05 17
2014-11-06 20
2014-11-07 42
2014-11-08 33
2014-11-09 40
2014-11-10 22
2014-11-11 29
2014-11-12 38
2014-11-13 26
2014-11-14 16
2014-11-15 40
2014-11-16 20
2014-11-17 31
2014-11-18 26
2014-11-19 17
2014-11-20 34
2014-11-21 25
2014-11-22 29
2014-11-23 43
2014-11-24 32
2014-11-25 29
2014-11-26 37
2014-11-27 28
2014-11-28 23
2014-11-29 17
2014-11-30 16
2014-12-01 46
2014-12-02 34
2014-12-03 48
2014-12-04 46
2014-12-05 38
2014-12-06 16
2014-12-07 30
2014-12-08 47
2014-12-09 30
2014-12-10 21
2014-12-11 43
2014-12-12 42
2014-12-13 21
2014-12-14 12
2014-12-15 36
2014-12-16 24
2014-12-17 49
2014-12-18 16
2014-12-19 20
2014-12-20 19
2014-12-21 18
2014-12-22 32
2014-12-23 23
2014-12-24 14
2014-12-25 42
2014-12-26 16
2014-12-27 34
2014-12-28 15
2014-12-29 42
2014-12-30 37
2014-12-31 25
2015-01-01 32
2015-01-02 28
2015-01-03 24
2015-01-04 30
2015-01-05 15
2015-01-06 10
2015-01-07 27
2015-01-08 33
2015-01-09 48
2015-01-10 40
2015-01-11 32
2015-01-12 42
2015-01-13 24
2015-01-14 42
2015-01-15 26
